Grammar

    0 $accept: calc $end

    1 calc: expression

    2 expression: expression '+' expression
    3           | expression '-' expression
    4           | expression '*' expression
    5           | expression '/' expression
    6           | '-' NUMBER
    7           | NUMBER


Terminals, with rules where they appear

$end (0) 0
'*' (42) 4
'+' (43) 2
'-' (45) 3 6
'/' (47) 5
error (256)
NUMBER (258) 6 7


Nonterminals, with rules where they appear

$accept (8)
    on left: 0
calc (9)
    on left: 1, on right: 0
expression (10)
    on left: 2 3 4 5 6 7, on right: 1 2 3 4 5


state 0

    0 $accept: . calc $end

    NUMBER  shift, and go to state 1
    '-'     shift, and go to state 2

    calc        go to state 3
    expression  go to state 4


state 1

    7 expression: NUMBER .

    $default  reduce using rule 7 (expression)


state 2

    6 expression: '-' . NUMBER

    NUMBER  shift, and go to state 5


state 3

    0 $accept: calc . $end

    $end  shift, and go to state 6


state 4

    1 calc: expression .
    2 expression: expression . '+' expression
    3           | expression . '-' expression
    4           | expression . '*' expression
    5           | expression . '/' expression

    '-'  shift, and go to state 7
    '+'  shift, and go to state 8
    '*'  shift, and go to state 9
    '/'  shift, and go to state 10

    $default  reduce using rule 1 (calc)


state 5

    6 expression: '-' NUMBER .

    $default  reduce using rule 6 (expression)


state 6

    0 $accept: calc $end .

    $default  accept


state 7

    3 expression: expression '-' . expression

    NUMBER  shift, and go to state 1
    '-'     shift, and go to state 2

    expression  go to state 11


state 8

    2 expression: expression '+' . expression

    NUMBER  shift, and go to state 1
    '-'     shift, and go to state 2

    expression  go to state 12


state 9

    4 expression: expression '*' . expression

    NUMBER  shift, and go to state 1
    '-'     shift, and go to state 2

    expression  go to state 13


state 10

    5 expression: expression '/' . expression

    NUMBER  shift, and go to state 1
    '-'     shift, and go to state 2

    expression  go to state 14


state 11

    2 expression: expression . '+' expression
    3           | expression . '-' expression
    3           | expression '-' expression .
    4           | expression . '*' expression
    5           | expression . '/' expression

    '*'  shift, and go to state 9
    '/'  shift, and go to state 10

    $default  reduce using rule 3 (expression)


state 12

    2 expression: expression . '+' expression
    2           | expression '+' expression .
    3           | expression . '-' expression
    4           | expression . '*' expression
    5           | expression . '/' expression

    '*'  shift, and go to state 9
    '/'  shift, and go to state 10

    $default  reduce using rule 2 (expression)


state 13

    2 expression: expression . '+' expression
    3           | expression . '-' expression
    4           | expression . '*' expression
    4           | expression '*' expression .
    5           | expression . '/' expression

    $default  reduce using rule 4 (expression)


state 14

    2 expression: expression . '+' expression
    3           | expression . '-' expression
    4           | expression . '*' expression
    5           | expression . '/' expression
    5           | expression '/' expression .

    $default  reduce using rule 5 (expression)
